2024-11-20 17:15:01,237 - src.api.routes.document - INFO - Created document with ID: a22e78a4-652d-4ad7-85d3-91bd91c0e2ea
2024-11-20 17:15:01,245 - src.api.routes.document - INFO - Successfully processed document with 2 chunks
2024-11-20 17:15:01,618 - src.api.routes.document - INFO - Fetching chunks for document ID: a22e78a4-652d-4ad7-85d3-91bd91c0e2ea
2024-11-20 17:15:01,621 - src.api.routes.document - INFO - Fetching chunks for document ID: a22e78a4-652d-4ad7-85d3-91bd91c0e2ea
2024-11-20 17:15:01,623 - src.api.routes.document - INFO - Found 2 chunks
2024-11-20 17:15:01,626 - src.api.routes.document - INFO - Found 2 chunks
2024-11-20 17:18:29,342 - src.api.routes.document - INFO - Fetching chunks for document ID: a22e78a4-652d-4ad7-85d3-91bd91c0e2ea
2024-11-20 17:18:29,345 - src.api.routes.document - INFO - Found 2 chunks
2024-11-20 17:20:08,757 - src.api.routes.document - INFO - Fetching chunks for document ID: a22e78a4-652d-4ad7-85d3-91bd91c0e2ea
2024-11-20 17:20:08,762 - src.api.routes.document - INFO - Found 2 chunks
2024-11-20 17:20:54,811 - src.api.routes.document - INFO - Fetching chunks for document ID: a22e78a4-652d-4ad7-85d3-91bd91c0e2ea
2024-11-20 17:20:54,813 - src.api.routes.document - INFO - Found 2 chunks
2024-11-20 17:23:45,766 - src.api.routes.document - INFO - Fetching chunks for document ID: a22e78a4-652d-4ad7-85d3-91bd91c0e2ea
2024-11-20 17:23:45,770 - src.api.routes.document - INFO - Found 2 chunks
2024-11-20 17:24:29,096 - src.api.routes.document - INFO - Created document with ID: 137060e4-0ff8-4bdd-af08-d1e5a2446d3c
2024-11-20 17:24:29,101 - src.api.routes.document - INFO - Successfully processed document with 2 chunks
2024-11-20 17:24:29,196 - src.api.routes.document - INFO - Fetching document with ID: 137060e4-0ff8-4bdd-af08-d1e5a2446d3c
2024-11-20 17:24:29,198 - src.api.routes.document - INFO - Found document: pale fire presentation
2024-11-20 17:24:29,199 - src.api.routes.document - INFO - Found 2 chunks for document
2024-11-20 17:24:29,264 - src.api.routes.document - ERROR - Error in upload_document: 400: File must be a PDF
Traceback (most recent call last):
  File "/Users/jaidenreddy/Documents/projects/new_explain/backend/src/api/routes/document.py", line 24, in upload_document
    result = await pdf_service.process_pdf(file)
  File "/Users/jaidenreddy/Documents/projects/new_explain/backend/src/services/pdf.py", line 156, in process_pdf
    await self.validate_pdf_file(file)
  File "/Users/jaidenreddy/Documents/projects/new_explain/backend/src/services/pdf.py", line 54, in validate_pdf_file
    raise HTTPException(status_code=400, detail="File must be a PDF")
fastapi.exceptions.HTTPException: 400: File must be a PDF
2024-11-20 17:24:29,326 - src.api.routes.document - INFO - Fetching document with ID: nonexistent-id
2024-11-20 17:24:29,328 - src.api.routes.document - WARNING - Document not found: nonexistent-id
2024-11-20 17:24:29,388 - src.api.routes.document - INFO - Fetching chunks for document ID: 137060e4-0ff8-4bdd-af08-d1e5a2446d3c
2024-11-20 17:24:29,391 - src.api.routes.document - INFO - Found 2 chunks
2024-11-20 17:24:40,154 - src.api.routes.document - INFO - Created document with ID: 21f73cc9-aa8a-4c87-a4fa-45d14fda35de
2024-11-20 17:24:40,158 - src.api.routes.document - INFO - Successfully processed document with 2 chunks
2024-11-20 17:31:27,794 - src.api.routes.document - INFO - Fetching chunks for document ID: a22e78a4-652d-4ad7-85d3-91bd91c0e2ea
2024-11-20 17:31:27,798 - src.api.routes.document - INFO - Found 2 chunks
