2024-11-20 15:38:37,418 - src.services.pdf - INFO - Starting PDF text extraction with LlamaParse
2024-11-20 15:38:40,447 - src.services.pdf - INFO - LlamaParse extraction complete. Text length: 3107
2024-11-20 15:38:40,447 - src.services.pdf - INFO - Successfully extracted text from PDF: 
2024-11-20 15:38:40,447 - src.services.pdf - INFO - Splitting text of length 3107 into chunks of size 2500
2024-11-20 15:38:40,447 - src.services.pdf - INFO - Created 2 chunks
2024-11-20 15:38:40,448 - src.services.pdf - INFO - Starting to process 2 chunks
2024-11-20 15:38:40,448 - src.services.pdf - INFO - Processing chunk 1/2 (length: 2500)
2024-11-20 15:38:40,448 - src.services.pdf - INFO - Processing chunk 1
2024-11-20 15:38:43,571 - src.services.pdf - INFO - Processing chunk 2/2 (length: 607)
2024-11-20 15:38:43,571 - src.services.pdf - INFO - Processing chunk 2
2024-11-20 15:38:44,442 - src.services.pdf - INFO - Finished processing all chunks. Total processed text length: 2799
2024-11-20 15:39:18,813 - src.services.pdf - INFO - Starting PDF text extraction with LlamaParse
2024-11-20 15:39:21,921 - src.services.pdf - INFO - LlamaParse extraction complete. Text length: 3107
2024-11-20 15:39:21,922 - src.services.pdf - INFO - Successfully extracted text from PDF: 
2024-11-20 15:39:21,922 - src.services.pdf - INFO - Splitting text of length 3107 into chunks of size 2500
2024-11-20 15:39:21,922 - src.services.pdf - INFO - Created 2 chunks
2024-11-20 15:39:21,923 - src.services.pdf - INFO - Starting to process 2 chunks
2024-11-20 15:39:21,923 - src.services.pdf - INFO - Processing chunk 1/2 (length: 2500)
2024-11-20 15:39:21,923 - src.services.pdf - INFO - Processing chunk 1
2024-11-20 15:39:25,506 - src.services.pdf - INFO - Processing chunk 2/2 (length: 607)
2024-11-20 15:39:25,506 - src.services.pdf - INFO - Processing chunk 2
2024-11-20 15:39:26,528 - src.services.pdf - INFO - Finished processing all chunks. Total processed text length: 3313
