2024-11-20 16:01:31,622 - src.services.pdf - INFO - Starting PDF text extraction with LlamaParse
2024-11-20 16:01:34,142 - src.services.pdf - INFO - LlamaParse extraction complete. Text length: 3107
2024-11-20 16:01:34,143 - src.services.pdf - INFO - Successfully extracted text from PDF: 
2024-11-20 16:01:34,143 - src.services.pdf - INFO - Splitting text of length 3107 into chunks of size 2500
2024-11-20 16:01:34,143 - src.services.pdf - INFO - Created 2 chunks
2024-11-20 16:01:34,143 - src.services.pdf - INFO - Starting to process 2 chunks
2024-11-20 16:01:34,143 - src.services.pdf - INFO - Processing chunk 1/2 (length: 2500)
2024-11-20 16:01:34,143 - src.services.pdf - INFO - Processing chunk 1
2024-11-20 16:01:37,643 - src.services.pdf - INFO - Processing chunk 2/2 (length: 607)
2024-11-20 16:01:37,643 - src.services.pdf - INFO - Processing chunk 2
2024-11-20 16:01:39,316 - src.services.pdf - INFO - Finished processing all chunks. Total processed text length: 3322
2024-11-20 16:02:10,613 - src.services.pdf - INFO - Starting PDF text extraction with LlamaParse
2024-11-20 16:02:12,911 - src.services.pdf - INFO - LlamaParse extraction complete. Text length: 3107
2024-11-20 16:02:12,912 - src.services.pdf - INFO - Successfully extracted text from PDF: 
2024-11-20 16:02:12,913 - src.services.pdf - INFO - Splitting text of length 3107 into chunks of size 2500
2024-11-20 16:02:12,913 - src.services.pdf - INFO - Created 2 chunks
2024-11-20 16:02:12,913 - src.services.pdf - INFO - Starting to process 2 chunks
2024-11-20 16:02:12,913 - src.services.pdf - INFO - Processing chunk 1/2 (length: 2500)
2024-11-20 16:02:12,913 - src.services.pdf - INFO - Processing chunk 1
2024-11-20 16:02:15,441 - src.services.pdf - INFO - Processing chunk 2/2 (length: 607)
2024-11-20 16:02:15,441 - src.services.pdf - INFO - Processing chunk 2
2024-11-20 16:02:16,687 - src.services.pdf - INFO - Finished processing all chunks. Total processed text length: 2635
2024-11-20 16:02:38,345 - src.services.pdf - INFO - Starting PDF text extraction with LlamaParse
2024-11-20 16:02:40,639 - src.services.pdf - INFO - LlamaParse extraction complete. Text length: 3107
2024-11-20 16:02:40,640 - src.services.pdf - INFO - Successfully extracted text from PDF: 
2024-11-20 16:02:40,640 - src.services.pdf - INFO - Splitting text of length 3107 into chunks of size 2500
2024-11-20 16:02:40,640 - src.services.pdf - INFO - Created 2 chunks
2024-11-20 16:02:40,640 - src.services.pdf - INFO - Starting to process 2 chunks
2024-11-20 16:02:40,640 - src.services.pdf - INFO - Processing chunk 1/2 (length: 2500)
2024-11-20 16:02:40,640 - src.services.pdf - INFO - Processing chunk 1
2024-11-20 16:02:43,452 - src.services.pdf - INFO - Processing chunk 2/2 (length: 607)
2024-11-20 16:02:43,452 - src.services.pdf - INFO - Processing chunk 2
2024-11-20 16:02:44,477 - src.services.pdf - INFO - Finished processing all chunks. Total processed text length: 2716
