2024-11-20 17:14:55,129 - src.services.pdf - INFO - Starting PDF text extraction with LlamaParse
2024-11-20 17:14:57,307 - src.services.pdf - INFO - LlamaParse extraction complete. Text length: 3107
2024-11-20 17:14:57,309 - src.services.pdf - INFO - Successfully extracted text from PDF: 
2024-11-20 17:14:57,309 - src.services.pdf - INFO - Splitting text of length 3107 into chunks of size 2500
2024-11-20 17:14:57,309 - src.services.pdf - INFO - Created 2 chunks
2024-11-20 17:14:57,309 - src.services.pdf - INFO - Starting to process 2 chunks
2024-11-20 17:14:57,309 - src.services.pdf - INFO - Processing chunk 1/2 (length: 2500)
2024-11-20 17:14:57,309 - src.services.pdf - INFO - Processing chunk 1
2024-11-20 17:14:59,917 - src.services.pdf - INFO - Processing chunk 2/2 (length: 607)
2024-11-20 17:14:59,917 - src.services.pdf - INFO - Processing chunk 2
2024-11-20 17:15:01,229 - src.services.pdf - INFO - Finished processing all chunks. Total processed text length: 2527
2024-11-20 17:24:22,420 - src.services.pdf - INFO - Starting PDF text extraction with LlamaParse
2024-11-20 17:24:24,687 - src.services.pdf - INFO - LlamaParse extraction complete. Text length: 3107
2024-11-20 17:24:24,688 - src.services.pdf - INFO - Successfully extracted text from PDF: 
2024-11-20 17:24:24,688 - src.services.pdf - INFO - Splitting text of length 3107 into chunks of size 2500
2024-11-20 17:24:24,688 - src.services.pdf - INFO - Created 2 chunks
2024-11-20 17:24:24,688 - src.services.pdf - INFO - Starting to process 2 chunks
2024-11-20 17:24:24,688 - src.services.pdf - INFO - Processing chunk 1/2 (length: 2500)
2024-11-20 17:24:24,688 - src.services.pdf - INFO - Processing chunk 1
2024-11-20 17:24:27,764 - src.services.pdf - INFO - Processing chunk 2/2 (length: 607)
2024-11-20 17:24:27,764 - src.services.pdf - INFO - Processing chunk 2
2024-11-20 17:24:29,094 - src.services.pdf - INFO - Finished processing all chunks. Total processed text length: 2969
2024-11-20 17:24:32,870 - src.services.pdf - INFO - Starting PDF text extraction with LlamaParse
2024-11-20 17:24:35,073 - src.services.pdf - INFO - LlamaParse extraction complete. Text length: 3107
2024-11-20 17:24:35,074 - src.services.pdf - INFO - Successfully extracted text from PDF: 
2024-11-20 17:24:35,074 - src.services.pdf - INFO - Splitting text of length 3107 into chunks of size 2500
2024-11-20 17:24:35,074 - src.services.pdf - INFO - Created 2 chunks
2024-11-20 17:24:35,074 - src.services.pdf - INFO - Starting to process 2 chunks
2024-11-20 17:24:35,074 - src.services.pdf - INFO - Processing chunk 1/2 (length: 2500)
2024-11-20 17:24:35,074 - src.services.pdf - INFO - Processing chunk 1
2024-11-20 17:24:38,516 - src.services.pdf - INFO - Processing chunk 2/2 (length: 607)
2024-11-20 17:24:38,516 - src.services.pdf - INFO - Processing chunk 2
2024-11-20 17:24:40,152 - src.services.pdf - INFO - Finished processing all chunks. Total processed text length: 3158
