2024-11-20 16:01:39,328 - src.api.routes.document - INFO - Created document with ID: a20a9bb7-aea1-4472-919d-47e612314e65
2024-11-20 16:01:39,339 - src.api.routes.document - INFO - Successfully processed document with 2 chunks
2024-11-20 16:01:39,439 - src.api.routes.document - INFO - Fetching document with ID: a20a9bb7-aea1-4472-919d-47e612314e65
2024-11-20 16:01:39,443 - src.api.routes.document - INFO - Found document: pale fire presentation
2024-11-20 16:01:39,445 - src.api.routes.document - INFO - Found 2 chunks for document
2024-11-20 16:01:39,518 - src.api.routes.document - ERROR - Error in upload_document: 400: File must be a PDF
Traceback (most recent call last):
  File "/Users/jaidenreddy/Documents/projects/backend/src/api/routes/document.py", line 24, in upload_document
    result = await pdf_service.process_pdf(file)
  File "/Users/jaidenreddy/Documents/projects/backend/src/services/pdf.py", line 156, in process_pdf
    await self.validate_pdf_file(file)
  File "/Users/jaidenreddy/Documents/projects/backend/src/services/pdf.py", line 54, in validate_pdf_file
    raise HTTPException(status_code=400, detail="File must be a PDF")
fastapi.exceptions.HTTPException: 400: File must be a PDF
2024-11-20 16:01:39,580 - src.api.routes.document - INFO - Fetching document with ID: nonexistent-id
2024-11-20 16:01:39,582 - src.api.routes.document - WARNING - Document not found: nonexistent-id
2024-11-20 16:01:39,641 - src.api.routes.document - INFO - Fetching chunks for document ID: a20a9bb7-aea1-4472-919d-47e612314e65
2024-11-20 16:01:39,644 - src.api.routes.document - INFO - Found 2 chunks
2024-11-20 16:02:16,690 - src.api.routes.document - INFO - Created document with ID: 414a7945-1a94-4888-b72f-40666fc60c3d
2024-11-20 16:02:16,705 - src.api.routes.document - INFO - Successfully processed document with 2 chunks
2024-11-20 16:02:44,480 - src.api.routes.document - INFO - Created document with ID: 64675fa7-7bf2-48b8-abd0-f7d3d107a5b2
2024-11-20 16:02:44,486 - src.api.routes.document - INFO - Successfully processed document with 2 chunks
2024-11-20 16:02:44,578 - src.api.routes.document - INFO - Fetching document with ID: 64675fa7-7bf2-48b8-abd0-f7d3d107a5b2
2024-11-20 16:02:44,580 - src.api.routes.document - INFO - Found document: pale fire presentation
2024-11-20 16:02:44,581 - src.api.routes.document - INFO - Found 2 chunks for document
